[debug] [2025-11-12T17:19:49.526Z] ----------------------------------------------------------------------
[debug] [2025-11-12T17:19:49.530Z] Command:       C:\Program Files\nodejs\node.exe C:\Users\sonik\AppData\Roaming\npm\node_modules\firebase-tools\lib\bin\firebase.js init hosting
[debug] [2025-11-12T17:19:49.531Z] CLI Version:   14.24.2
[debug] [2025-11-12T17:19:49.531Z] Platform:      win32
[debug] [2025-11-12T17:19:49.531Z] Node Version:  v22.16.0
[debug] [2025-11-12T17:19:49.532Z] Time:          Wed Nov 12 2025 22:49:49 GMT+0530 (India Standard Time)
[debug] [2025-11-12T17:19:49.532Z] ----------------------------------------------------------------------
[debug] 
[debug] [2025-11-12T17:19:49.535Z] >>> [apiv2][query] GET https://firebase-public.firebaseio.com/cli.json [none]
[info] 
     ######## #### ########  ######## ########     ###     ######  ########
     ##        ##  ##     ## ##       ##     ##  ##   ##  ##       ##
     ######    ##  ########  ######   ########  #########  ######  ######
     ##        ##  ##    ##  ##       ##     ## ##     ##       ## ##
     ##       #### ##     ## ######## ########  ##     ##  ######  ########

You're about to initialize a Firebase project in this directory:

  C:\Users\sonik\Desktop\F-B-Audit\audit-report

[debug] [2025-11-12T17:19:50.173Z] <<< [apiv2][status] GET https://firebase-public.firebaseio.com/cli.json 200
[debug] [2025-11-12T17:19:50.173Z] <<< [apiv2][body] GET https://firebase-public.firebaseio.com/cli.json {"cloudBuildErrorAfter":1594252800000,"cloudBuildWarnAfter":1590019200000,"defaultNode10After":1594252800000,"minVersion":"3.0.5","node8DeploysDisabledAfter":1613390400000,"node8RuntimeDisabledAfter":1615809600000,"node8WarnAfter":1600128000000}
[info] 
=== Project Setup
[info] 
[info] First, let's associate this project directory with a Firebase project.
[info] You can create multiple project aliases by running firebase use --add, 
[info] 
[debug] [2025-11-12T17:20:00.742Z] > command requires scopes: ["email","openid","https://www.googleapis.com/auth/cloudplatformprojects.readonly","https://www.googleapis.com/auth/firebase","https://www.googleapis.com/auth/cloud-platform"]
[debug] [2025-11-12T17:20:00.743Z] > authorizing via signed-in user (sonikak004@gmail.com)
[debug] [2025-11-12T17:20:00.744Z] Checked if tokens are valid: false, expires at: 1758629133239
[debug] [2025-11-12T17:20:00.744Z] Checked if tokens are valid: false, expires at: 1758629133239
[debug] [2025-11-12T17:20:00.745Z] > refreshing access token with scopes: []
[debug] [2025-11-12T17:20:00.746Z] >>> [apiv2][query] POST https://www.googleapis.com/oauth2/v3/token [none]
[debug] [2025-11-12T17:20:00.746Z] >>> [apiv2][body] POST https://www.googleapis.com/oauth2/v3/token [omitted]
[debug] [2025-11-12T17:20:00.999Z] <<< [apiv2][status] POST https://www.googleapis.com/oauth2/v3/token 200
[debug] [2025-11-12T17:20:00.999Z] <<< [apiv2][body] POST https://www.googleapis.com/oauth2/v3/token [omitted]
[debug] [2025-11-12T17:20:01.014Z] >>> [apiv2][query] GET https://firebase.googleapis.com/v1beta1/projects pageSize=100
[debug] [2025-11-12T17:20:01.768Z] <<< [apiv2][status] GET https://firebase.googleapis.com/v1beta1/projects 200
[debug] [2025-11-12T17:20:01.768Z] <<< [apiv2][body] GET https://firebase.googleapis.com/v1beta1/projects [omitted]
